<?xml version="1.0" encoding="UTF-8"?>
<!-- Generated by org.testng.reporters.JUnitReportReporter -->
<testsuite hostname="TEMS_D_WS166" failures="0" tests="1" name="testValidation.testing" time="32.241" errors="0" timestamp="2022-11-05T16:40:34 IST" skipped="0">
  <testcase classname="testValidation.testing" name="validation" time="32.241"/>
  <system-out/>
</testsuite> <!-- testValidation.testing -->
